[21:29:38] [Client thread/INFO]: Setting user: brainiac744
[21:29:41] [Client thread/INFO]: LWJGL Version: 2.9.1
[21:29:46] [Client thread/INFO]: Reloading ResourceManager: Default, FMLFileResourcePack:Forge Mod Loader, FMLFileResourcePack:Minecraft Forge, FMLFileResourcePack:AgriCraft, FMLFileResourcePack:AppleCore, FMLFileResourcePack:Bagginses, FMLFileResourcePack:Biomes O' Plenty, FMLFileResourcePack:Blood Magic: Alchemical Wizardry, FMLFileResourcePack:Botania, FMLFileResourcePack:Chameleon, FMLFileResourcePack:Chisel, FMLFileResourcePack:Chisels & Bits, FMLFileResourcePack:extraplates, FMLFileResourcePack:Fast Leaf Decay, FMLFileResourcePack:Inventory Tweaks, FMLFileResourcePack:Iron Chest, FMLFileResourcePack:Just Enough Items, FMLFileResourcePack:Just Enough Items Addons, FMLFileResourcePack:JourneyMap, FMLFileResourcePack:Just Enough Grids, FMLFileResourcePack:Just Enough Resources, FMLFileResourcePack:Mantle, FMLFileResourcePack:Morpheus, FMLFileResourcePack:Psi, FMLFileResourcePack:Redstone Paste, FMLFileResourcePack:Roguelike Dungeons, FMLFileResourcePack:Storage Drawers, FMLFileResourcePack:Tinkers' Construct, FMLFileResourcePack:Thaumcraft, FMLFileResourcePack:Waila, FMLFileResourcePack:Baubles
[21:29:54] [Sound Library Loader/INFO]: Starting up SoundSystem...
[21:29:54] [Client thread/WARN]: File tconstruct:sounds/woodHit1.ogg does not exist, cannot add it to event tconstruct:woodHit
[21:29:54] [Client thread/WARN]: File tconstruct:sounds/woodHit2.ogg does not exist, cannot add it to event tconstruct:woodHit
[21:29:54] [Client thread/WARN]: File tconstruct:sounds/woodHit3.ogg does not exist, cannot add it to event tconstruct:woodHit
[21:29:54] [Client thread/WARN]: File tconstruct:sounds/woodHit4.ogg does not exist, cannot add it to event tconstruct:woodHit
[21:29:54] [Client thread/WARN]: File tconstruct:sounds/woodHit5.ogg does not exist, cannot add it to event tconstruct:woodHit
[21:29:54] [Client thread/WARN]: File tconstruct:sounds/stoneHit1.ogg does not exist, cannot add it to event tconstruct:stoneHit
[21:29:54] [Client thread/WARN]: File tconstruct:sounds/stoneHit2.ogg does not exist, cannot add it to event tconstruct:stoneHit
[21:29:54] [Client thread/WARN]: File tconstruct:sounds/stoneHit3.ogg does not exist, cannot add it to event tconstruct:stoneHit
[21:29:54] [Client thread/WARN]: File tconstruct:sounds/crossbowReload.ogg does not exist, cannot add it to event tconstruct:crossbowReload
[21:29:54] [Thread-9/INFO]: Initializing LWJGL OpenAL
[21:29:54] [Thread-9/INFO]: (The LWJGL binding of OpenAL.  For more information, see http://www.lwjgl.org)
[21:29:54] [Client thread/ERROR]: ########## GL ERROR ##########
[21:29:54] [Client thread/ERROR]: @ Pre startup
[21:29:54] [Client thread/ERROR]: 1281: Invalid value
[21:29:55] [Thread-9/INFO]: OpenAL initialized.
[21:29:55] [Sound Library Loader/INFO]: Sound engine started
[21:29:58] [Client thread/WARN]: Texture botania:textures/model/altar/fungal/gobletBase2_sides.png with size 14x14 limits mip level from 4 to 1
[21:29:58] [Client thread/WARN]: textures: dropping miplevel from 4 to 1, because of minimum power of two: 2
[21:30:01] [Client thread/INFO]: Created: 2048x2048 textures-atlas
[21:30:05] [Client thread/INFO]: Reloading ResourceManager: Default, FMLFileResourcePack:Forge Mod Loader, FMLFileResourcePack:AgriCraft, FMLFileResourcePack:AppleCore, FMLFileResourcePack:Bagginses, FMLFileResourcePack:Biomes O' Plenty, FMLFileResourcePack:Blood Magic: Alchemical Wizardry, FMLFileResourcePack:Botania, FMLFileResourcePack:Chameleon, FMLFileResourcePack:Chisel, FMLFileResourcePack:Chisels & Bits, FMLFileResourcePack:extraplates, FMLFileResourcePack:Fast Leaf Decay, FMLFileResourcePack:Inventory Tweaks, FMLFileResourcePack:Iron Chest, FMLFileResourcePack:Just Enough Items, FMLFileResourcePack:Just Enough Items Addons, FMLFileResourcePack:JourneyMap, FMLFileResourcePack:Just Enough Grids, FMLFileResourcePack:Just Enough Resources, FMLFileResourcePack:Mantle, FMLFileResourcePack:Morpheus, FMLFileResourcePack:Psi, FMLFileResourcePack:Redstone Paste, FMLFileResourcePack:Roguelike Dungeons, FMLFileResourcePack:Storage Drawers, FMLFileResourcePack:Tinkers' Construct, FMLFileResourcePack:Thaumcraft, FMLFileResourcePack:Waila, FMLFileResourcePack:Baubles, FMLFileResourcePack:Minecraft Forge
[21:30:07] [Client thread/INFO]: SoundSystem shutting down...
[21:30:07] [Client thread/WARN]: Author: Paul Lamb, www.paulscode.com
[21:30:07] [Sound Library Loader/INFO]: Starting up SoundSystem...
[21:30:07] [Client thread/WARN]: File tconstruct:sounds/woodHit1.ogg does not exist, cannot add it to event tconstruct:woodHit
[21:30:07] [Client thread/WARN]: File tconstruct:sounds/woodHit2.ogg does not exist, cannot add it to event tconstruct:woodHit
[21:30:07] [Client thread/WARN]: File tconstruct:sounds/woodHit3.ogg does not exist, cannot add it to event tconstruct:woodHit
[21:30:07] [Client thread/WARN]: File tconstruct:sounds/woodHit4.ogg does not exist, cannot add it to event tconstruct:woodHit
[21:30:07] [Client thread/WARN]: File tconstruct:sounds/woodHit5.ogg does not exist, cannot add it to event tconstruct:woodHit
[21:30:07] [Client thread/WARN]: File tconstruct:sounds/stoneHit1.ogg does not exist, cannot add it to event tconstruct:stoneHit
[21:30:07] [Client thread/WARN]: File tconstruct:sounds/stoneHit2.ogg does not exist, cannot add it to event tconstruct:stoneHit
[21:30:07] [Client thread/WARN]: File tconstruct:sounds/stoneHit3.ogg does not exist, cannot add it to event tconstruct:stoneHit
[21:30:07] [Client thread/WARN]: File tconstruct:sounds/crossbowReload.ogg does not exist, cannot add it to event tconstruct:crossbowReload
[21:30:07] [Thread-13/INFO]: Initializing LWJGL OpenAL
[21:30:07] [Thread-13/INFO]: (The LWJGL binding of OpenAL.  For more information, see http://www.lwjgl.org)
[21:30:07] [Thread-13/INFO]: OpenAL initialized.
[21:30:08] [Sound Library Loader/INFO]: Sound engine started
[21:30:13] [Client thread/INFO]: Created: 2048x2048 textures-atlas
[21:30:15] [Client thread/INFO]: Caught error stitching, removing all assigned resourcepacks
java.util.ConcurrentModificationException
	at java.util.ArrayList$Itr.checkForComodification(ArrayList.java:901) ~[?:1.8.0_74]
	at java.util.ArrayList$Itr.next(ArrayList.java:851) ~[?:1.8.0_74]
	at net.minecraft.client.resources.SimpleReloadableResourceManager.func_110544_b(SimpleReloadableResourceManager.java:127) ~[bnn.class:?]
	at net.minecraft.client.resources.SimpleReloadableResourceManager.func_110541_a(SimpleReloadableResourceManager.java:111) ~[bnn.class:?]
	at net.minecraft.client.Minecraft.func_110436_a(Minecraft.java:732) [ave.class:?]
	at net.minecraftforge.fml.client.FMLClientHandler.finishMinecraftLoading(FMLClientHandler.java:326) [FMLClientHandler.class:?]
	at net.minecraft.client.Minecraft.func_71384_a(Minecraft.java:495) [ave.class:?]
	at net.minecraft.client.Minecraft.func_99999_d(Minecraft.java:329) [ave.class:?]
	at net.minecraft.client.main.Main.main(SourceFile:124) [Main.class:?]
	at sun.reflect.NativeMethodAccessorImpl.invoke0(Native Method) ~[?:1.8.0_74]
	at sun.reflect.NativeMethodAccessorImpl.invoke(NativeMethodAccessorImpl.java:62) ~[?:1.8.0_74]
	at sun.reflect.DelegatingMethodAccessorImpl.invoke(DelegatingMethodAccessorImpl.java:43) ~[?:1.8.0_74]
	at java.lang.reflect.Method.invoke(Method.java:498) ~[?:1.8.0_74]
	at net.minecraft.launchwrapper.Launch.launch(Launch.java:135) [launchwrapper-1.12.jar:?]
	at net.minecraft.launchwrapper.Launch.main(Launch.java:28) [launchwrapper-1.12.jar:?]
	at sun.reflect.NativeMethodAccessorImpl.invoke0(Native Method) ~[?:1.8.0_74]
	at sun.reflect.NativeMethodAccessorImpl.invoke(NativeMethodAccessorImpl.java:62) ~[?:1.8.0_74]
	at sun.reflect.DelegatingMethodAccessorImpl.invoke(DelegatingMethodAccessorImpl.java:43) ~[?:1.8.0_74]
	at java.lang.reflect.Method.invoke(Method.java:498) ~[?:1.8.0_74]
	at org.multimc.onesix.OneSixLauncher.launchWithMainClass(OneSixLauncher.java:327) [NewLaunch.jar:?]
	at org.multimc.onesix.OneSixLauncher.launch(OneSixLauncher.java:409) [NewLaunch.jar:?]
	at org.multimc.EntryPoint.listen(EntryPoint.java:170) [NewLaunch.jar:?]
	at org.multimc.EntryPoint.main(EntryPoint.java:54) [NewLaunch.jar:?]
[21:30:15] [Client thread/INFO]: Reloading ResourceManager: Default, FMLFileResourcePack:Forge Mod Loader, FMLFileResourcePack:AgriCraft, FMLFileResourcePack:AppleCore, FMLFileResourcePack:Bagginses, FMLFileResourcePack:Biomes O' Plenty, FMLFileResourcePack:Blood Magic: Alchemical Wizardry, FMLFileResourcePack:Botania, FMLFileResourcePack:Chameleon, FMLFileResourcePack:Chisel, FMLFileResourcePack:Chisels & Bits, FMLFileResourcePack:extraplates, FMLFileResourcePack:Fast Leaf Decay, FMLFileResourcePack:Inventory Tweaks, FMLFileResourcePack:Iron Chest, FMLFileResourcePack:Just Enough Items, FMLFileResourcePack:Just Enough Items Addons, FMLFileResourcePack:JourneyMap, FMLFileResourcePack:Just Enough Grids, FMLFileResourcePack:Just Enough Resources, FMLFileResourcePack:Mantle, FMLFileResourcePack:Morpheus, FMLFileResourcePack:Psi, FMLFileResourcePack:Redstone Paste, FMLFileResourcePack:Roguelike Dungeons, FMLFileResourcePack:Storage Drawers, FMLFileResourcePack:Tinkers' Construct, FMLFileResourcePack:Thaumcraft, FMLFileResourcePack:Waila, FMLFileResourcePack:Baubles, FMLFileResourcePack:Minecraft Forge
[21:30:16] [Client thread/INFO]: SoundSystem shutting down...
[21:30:16] [Client thread/WARN]: Author: Paul Lamb, www.paulscode.com
[21:30:16] [Sound Library Loader/INFO]: Starting up SoundSystem...
[21:30:17] [Client thread/WARN]: File tconstruct:sounds/woodHit1.ogg does not exist, cannot add it to event tconstruct:woodHit
[21:30:17] [Client thread/WARN]: File tconstruct:sounds/woodHit2.ogg does not exist, cannot add it to event tconstruct:woodHit
[21:30:17] [Client thread/WARN]: File tconstruct:sounds/woodHit3.ogg does not exist, cannot add it to event tconstruct:woodHit
[21:30:17] [Client thread/WARN]: File tconstruct:sounds/woodHit4.ogg does not exist, cannot add it to event tconstruct:woodHit
[21:30:17] [Client thread/WARN]: File tconstruct:sounds/woodHit5.ogg does not exist, cannot add it to event tconstruct:woodHit
[21:30:17] [Client thread/WARN]: File tconstruct:sounds/stoneHit1.ogg does not exist, cannot add it to event tconstruct:stoneHit
[21:30:17] [Client thread/WARN]: File tconstruct:sounds/stoneHit2.ogg does not exist, cannot add it to event tconstruct:stoneHit
[21:30:17] [Client thread/WARN]: File tconstruct:sounds/stoneHit3.ogg does not exist, cannot add it to event tconstruct:stoneHit
[21:30:17] [Client thread/WARN]: File tconstruct:sounds/crossbowReload.ogg does not exist, cannot add it to event tconstruct:crossbowReload
[21:30:17] [Thread-15/INFO]: Initializing LWJGL OpenAL
[21:30:17] [Thread-15/INFO]: (The LWJGL binding of OpenAL.  For more information, see http://www.lwjgl.org)
[21:30:17] [Thread-15/INFO]: OpenAL initialized.
[21:30:17] [Sound Library Loader/INFO]: Sound engine started
[21:30:23] [Client thread/INFO]: Created: 2048x2048 textures-atlas
[21:31:07] [Server thread/INFO]: Starting integrated minecraft server version 1.8.9
[21:31:07] [Server thread/INFO]: Generating keypair
[21:31:08] [Server thread/INFO]: Converting map!
[21:31:08] [Server thread/INFO]: Scanning folders...
[21:31:08] [Server thread/INFO]: Total conversion count is 0
[21:31:08] [Server thread/INFO]: Preparing start region for level 0
[21:31:09] [Server thread/INFO]: Preparing spawn area: 6%
[21:31:10] [Server thread/INFO]: Preparing spawn area: 12%
[21:31:11] [Server thread/INFO]: Preparing spawn area: 22%
[21:31:12] [Server thread/INFO]: Preparing spawn area: 30%
[21:31:13] [Server thread/INFO]: Preparing spawn area: 41%
[21:31:14] [Server thread/INFO]: Preparing spawn area: 54%
[21:31:15] [Server thread/INFO]: Preparing spawn area: 58%
[21:31:16] [Server thread/INFO]: Preparing spawn area: 73%
[21:31:17] [Server thread/INFO]: Preparing spawn area: 88%
[21:31:18] [Server thread/INFO]: Preparing spawn area: 93%
[21:31:19] [Server thread/INFO]: Changing view distance to 12, from 10
[21:31:20] [Server thread/INFO]: brainiac744[local:E:57c401aa] logged in with entity id 270 at (112.5, 89.0, 247.5)
[21:31:20] [Server thread/INFO]: brainiac744 joined the game
[21:31:23] [Client thread/INFO]: [CHAT] InvTweaks: Configuration loaded.
[21:31:24] [Client thread/INFO]: [CHAT] WARNING !!!!! This port of Botania is UNOFFICIAL! Do NOT report bugs to Vazkii!!!
[21:31:24] [Client thread/INFO]: [CHAT] Report issues to the porter HERE:https://github.com/williewillus/Botania/issues
[21:31:25] [Client thread/INFO]: [CHAT] §eJourneyMap:§f Press [§bJ§f]
[21:31:27] [Server thread/WARN]: Can't keep up! Did the system time change, or is the server overloaded? Running 6977ms behind, skipping 139 tick(s)
[21:31:27] [Client thread/WARN]: Needed to grow BufferBuilder buffer: Old size 524288 bytes, new size 2621440 bytes.
[21:31:29] [Chunk Batcher 1/WARN]: Needed to grow BufferBuilder buffer: Old size 524288 bytes, new size 2621440 bytes.
[21:31:29] [Chunk Batcher 1/WARN]: Needed to grow BufferBuilder buffer: Old size 524288 bytes, new size 2621440 bytes.
[21:31:30] [Chunk Batcher 1/WARN]: Needed to grow BufferBuilder buffer: Old size 524288 bytes, new size 2621440 bytes.
[21:31:33] [Client thread/INFO]: Warning: Clientside chunk ticking took 105 ms
[21:31:38] [Server thread/INFO]: [brainiac744: Set own game mode to Creative Mode]
[21:31:38] [Client thread/INFO]: [CHAT] Your game mode has been updated
[21:31:39] [Server thread/WARN]: Can't keep up! Did the system time change, or is the server overloaded? Running 3573ms behind, skipping 71 tick(s)
[21:31:41] [Chunk Batcher 1/WARN]: Needed to grow BufferBuilder buffer: Old size 524288 bytes, new size 2621440 bytes.
[21:31:42] [Chunk Batcher 1/WARN]: Needed to grow BufferBuilder buffer: Old size 524288 bytes, new size 2621440 bytes.
[21:33:02] [Server thread/INFO]: brainiac744 has just earned the achievement [Taking Inventory]
[21:33:02] [Client thread/INFO]: [CHAT] brainiac744 has just earned the achievement [Taking Inventory]
[21:34:04] [Server thread/WARN]: Can't keep up! Did the system time change, or is the server overloaded? Running 2484ms behind, skipping 49 tick(s)
[21:34:32] [Server thread/WARN]: Can't keep up! Did the system time change, or is the server overloaded? Running 2096ms behind, skipping 41 tick(s)
[21:35:14] [Server thread/WARN]: Can't keep up! Did the system time change, or is the server overloaded? Running 2139ms behind, skipping 42 tick(s)
[21:35:56] [Server thread/WARN]: Can't keep up! Did the system time change, or is the server overloaded? Running 5460ms behind, skipping 109 tick(s)
[21:36:37] [Server thread/WARN]: Can't keep up! Did the system time change, or is the server overloaded? Running 25265ms behind, skipping 505 tick(s)
[21:36:40] [Server thread/WARN]: Can't keep up! Did the system time change, or is the server overloaded? Running 3049ms behind, skipping 60 tick(s)
[21:36:52] [Server thread/INFO]: Saving and pausing game...
[21:36:52] [Server thread/INFO]: Saving chunks for level 'Test 2'/Overworld
[21:36:53] [Server thread/INFO]: Saving chunks for level 'Test 2'/Nether
[21:36:53] [Server thread/INFO]: Saving chunks for level 'Test 2'/The End
[21:36:53] [Server thread/INFO]: Saving chunks for level 'Test 2'/The Outer Lands
[21:36:54] [Server thread/INFO]: Stopping server
[21:36:54] [Server thread/INFO]: Saving players
[21:36:54] [Server thread/INFO]: Saving worlds
[21:36:54] [Server thread/INFO]: Saving chunks for level 'Test 2'/Overworld
[21:36:54] [Server thread/INFO]: Saving chunks for level 'Test 2'/Nether
[21:36:54] [Server thread/INFO]: Saving chunks for level 'Test 2'/The End
[21:36:54] [Server thread/INFO]: Saving chunks for level 'Test 2'/The Outer Lands
[21:36:59] [Client thread/INFO]: Stopping!
[21:36:59] [Client thread/INFO]: SoundSystem shutting down...
[21:36:59] [Client thread/WARN]: Author: Paul Lamb, www.paulscode.com
